<?xml version="1.0" encoding="UTF-8"?>
<testng-results skipped="0" failed="0" total="1" passed="1">
  <reporter-output>
  </reporter-output>
  <suite name="Default suite" duration-ms="33553" started-at="2017-08-10T12:43:45Z" finished-at="2017-08-10T12:44:18Z">
    <groups>
    </groups>
    <test name="Default test" duration-ms="33553" started-at="2017-08-10T12:43:45Z" finished-at="2017-08-10T12:44:18Z">
      <class name="test.Login_Test">
        <test-method status="PASS" signature="setup()[pri:0, instance:test.Login_Test@73035e27]" name="setup" is-config="true" duration-ms="24850" started-at="2017-08-10T18:13:45Z" finished-at="2017-08-10T18:14:10Z">
          <reporter-output>
          </reporter-output>
        </test-method> <!-- setup -->
        <test-method status="PASS" signature="test_Home_Page_Appear_Correct_POM()[pri:0, instance:test.Login_Test@73035e27]" name="test_Home_Page_Appear_Correct_POM" duration-ms="7658" started-at="2017-08-10T18:14:10Z" finished-at="2017-08-10T18:14:17Z">
          <reporter-output>
          </reporter-output>
        </test-method> <!-- test_Home_Page_Appear_Correct_POM -->
        <test-method status="PASS" signature="close()[pri:0, instance:test.Login_Test@73035e27]" name="close" is-config="true" duration-ms="1030" started-at="2017-08-10T18:14:17Z" finished-at="2017-08-10T18:14:18Z">
          <reporter-output>
          </reporter-output>
        </test-method> <!-- close -->
      </class> <!-- test.Login_Test -->
    </test> <!-- Default test -->
  </suite> <!-- Default suite -->
</testng-results>
